This file contains any messages produced by compilers while
running configure, to aid debugging if configure makes a mistake.

It was created by configure, which was
generated by GNU Autoconf 2.60.  Invocation command line was

  $ ./configure 

## --------- ##
## Platform. ##
## --------- ##

hostname = wangjing-Precision-WorkStation-T7500
uname -m = x86_64
uname -r = 3.0.0-12-generic
uname -s = Linux
uname -v = #20-Ubuntu SMP Fri Oct 7 14:56:25 UTC 2011

/usr/bin/uname -p = unknown
/bin/uname -X     = unknown

/bin/arch              = unknown
/usr/bin/arch -k       = unknown
/usr/convex/getsysinfo = unknown
/usr/bin/hostinfo      = unknown
/bin/machine           = unknown
/usr/bin/oslevel       = unknown
/bin/universe          = unknown

PATH: /usr/local/sbin
PATH: /usr/local/bin
PATH: /usr/sbin
PATH: /usr/bin
PATH: /sbin
PATH: /bin
PATH: /usr/games


## ----------- ##
## Core tests. ##
## ----------- ##

configure:1723: checking for gcc
configure:1739: found /usr/bin/gcc
configure:1750: result: gcc
configure:1988: checking for C compiler version
configure:1995: gcc --version >&5
gcc (Ubuntu/Linaro 4.6.1-9ubuntu3) 4.6.1
Copyright (C) 2011 Free Software Foundation, Inc.
This is free software; see the source for copying conditions.  There is NO
warranty; not even for MERCHANTABILITY or FITNESS FOR A PARTICULAR PURPOSE.

configure:1998: $? = 0
configure:2005: gcc -v >&5
Using built-in specs.
COLLECT_GCC=gcc
COLLECT_LTO_WRAPPER=/usr/lib/gcc/x86_64-linux-gnu/4.6.1/lto-wrapper
Target: x86_64-linux-gnu
Configured with: ../src/configure -v --with-pkgversion='Ubuntu/Linaro 4.6.1-9ubuntu3' --with-bugurl=file:///usr/share/doc/gcc-4.6/README.Bugs --enable-languages=c,c++,fortran,objc,obj-c++,go --prefix=/usr --program-suffix=-4.6 --enable-shared --enable-linker-build-id --with-system-zlib --libexecdir=/usr/lib --without-included-gettext --enable-threads=posix --with-gxx-include-dir=/usr/include/c++/4.6 --libdir=/usr/lib --enable-nls --with-sysroot=/ --enable-clocale=gnu --enable-libstdcxx-debug --enable-libstdcxx-time=yes --enable-plugin --enable-objc-gc --disable-werror --with-arch-32=i686 --with-tune=generic --enable-checking=release --build=x86_64-linux-gnu --host=x86_64-linux-gnu --target=x86_64-linux-gnu
Thread model: posix
gcc version 4.6.1 (Ubuntu/Linaro 4.6.1-9ubuntu3) 
configure:2008: $? = 0
configure:2015: gcc -V >&5
gcc: error: unrecognized option '-V'
gcc: fatal error: no input files
compilation terminated.
configure:2018: $? = 4
configure:2041: checking for C compiler default output file name
configure:2068: gcc    conftest.c  >&5
configure:2071: $? = 0
configure:2117: result: a.out
configure:2122: checking whether the C compiler works
configure:2132: ./a.out
configure:2135: $? = 0
configure:2152: result: yes
configure:2159: checking whether we are cross compiling
configure:2161: result: no
configure:2164: checking for suffix of executables
configure:2171: gcc -o conftest    conftest.c  >&5
configure:2174: $? = 0
configure:2198: result: 
configure:2204: checking for suffix of object files
configure:2230: gcc -c   conftest.c >&5
configure:2233: $? = 0
configure:2256: result: o
configure:2260: checking whether we are using the GNU C compiler
configure:2289: gcc -c   conftest.c >&5
configure:2295: $? = 0
configure:2302: test -z "$ac_c_werror_flag" || test ! -s conftest.err
configure:2305: $? = 0
configure:2312: test -s conftest.o
configure:2315: $? = 0
configure:2329: result: yes
configure:2334: checking whether gcc accepts -g
configure:2364: gcc -c -g  conftest.c >&5
configure:2370: $? = 0
configure:2377: test -z "$ac_c_werror_flag" || test ! -s conftest.err
configure:2380: $? = 0
configure:2387: test -s conftest.o
configure:2390: $? = 0
configure:2520: result: yes
configure:2537: checking for gcc option to accept ISO C89
configure:2611: gcc  -c -g -O2  conftest.c >&5
configure:2617: $? = 0
configure:2624: test -z "$ac_c_werror_flag" || test ! -s conftest.err
configure:2627: $? = 0
configure:2634: test -s conftest.o
configure:2637: $? = 0
configure:2657: result: none needed
configure:2719: checking for a BSD-compatible install
configure:2775: result: /usr/bin/install -c
configure:2836: checking how to run the C preprocessor
configure:2876: gcc -E  conftest.c
configure:2882: $? = 0
configure:2920: gcc -E  conftest.c
conftest.c:8:28: fatal error: ac_nonexistent.h: No such file or directory
compilation terminated.
configure:2926: $? = 1
configure: failed program was:
| /* confdefs.h.  */
| #define PACKAGE_NAME ""
| #define PACKAGE_TARNAME ""
| #define PACKAGE_VERSION ""
| #define PACKAGE_STRING ""
| #define PACKAGE_BUGREPORT ""
| /* end confdefs.h.  */
| #include <ac_nonexistent.h>
configure:2966: result: gcc -E
configure:2995: gcc -E  conftest.c
configure:3001: $? = 0
configure:3039: gcc -E  conftest.c
conftest.c:8:28: fatal error: ac_nonexistent.h: No such file or directory
compilation terminated.
configure:3045: $? = 1
configure: failed program was:
| /* confdefs.h.  */
| #define PACKAGE_NAME ""
| #define PACKAGE_TARNAME ""
| #define PACKAGE_VERSION ""
| #define PACKAGE_STRING ""
| #define PACKAGE_BUGREPORT ""
| /* end confdefs.h.  */
| #include <ac_nonexistent.h>
configure:3090: checking for grep that handles long lines and -e
configure:3164: result: /bin/grep
configure:3169: checking for egrep
configure:3247: result: /bin/grep -E
configure:3252: checking for ANSI C header files
configure:3282: gcc -c -g -O2  conftest.c >&5
configure:3288: $? = 0
configure:3295: test -z "$ac_c_werror_flag" || test ! -s conftest.err
configure:3298: $? = 0
configure:3305: test -s conftest.o
configure:3308: $? = 0
configure:3404: gcc -o conftest -g -O2   conftest.c  >&5
configure:3407: $? = 0
configure:3413: ./conftest
configure:3416: $? = 0
configure:3433: result: yes
configure:3457: checking for sys/types.h
configure:3478: gcc -c -g -O2  conftest.c >&5
configure:3484: $? = 0
configure:3491: test -z "$ac_c_werror_flag" || test ! -s conftest.err
configure:3494: $? = 0
configure:3501: test -s conftest.o
configure:3504: $? = 0
configure:3517: result: yes
configure:3457: checking for sys/stat.h
configure:3478: gcc -c -g -O2  conftest.c >&5
configure:3484: $? = 0
configure:3491: test -z "$ac_c_werror_flag" || test ! -s conftest.err
configure:3494: $? = 0
configure:3501: test -s conftest.o
configure:3504: $? = 0
configure:3517: result: yes
configure:3457: checking for stdlib.h
configure:3478: gcc -c -g -O2  conftest.c >&5
configure:3484: $? = 0
configure:3491: test -z "$ac_c_werror_flag" || test ! -s conftest.err
configure:3494: $? = 0
configure:3501: test -s conftest.o
configure:3504: $? = 0
configure:3517: result: yes
configure:3457: checking for string.h
configure:3478: gcc -c -g -O2  conftest.c >&5
configure:3484: $? = 0
configure:3491: test -z "$ac_c_werror_flag" || test ! -s conftest.err
configure:3494: $? = 0
configure:3501: test -s conftest.o
configure:3504: $? = 0
configure:3517: result: yes
configure:3457: checking for memory.h
configure:3478: gcc -c -g -O2  conftest.c >&5
configure:3484: $? = 0
configure:3491: test -z "$ac_c_werror_flag" || test ! -s conftest.err
configure:3494: $? = 0
configure:3501: test -s conftest.o
configure:3504: $? = 0
configure:3517: result: yes
configure:3457: checking for strings.h
configure:3478: gcc -c -g -O2  conftest.c >&5
configure:3484: $? = 0
configure:3491: test -z "$ac_c_werror_flag" || test ! -s conftest.err
configure:3494: $? = 0
configure:3501: test -s conftest.o
configure:3504: $? = 0
configure:3517: result: yes
configure:3457: checking for inttypes.h
configure:3478: gcc -c -g -O2  conftest.c >&5
configure:3484: $? = 0
configure:3491: test -z "$ac_c_werror_flag" || test ! -s conftest.err
configure:3494: $? = 0
configure:3501: test -s conftest.o
configure:3504: $? = 0
configure:3517: result: yes
configure:3457: checking for stdint.h
configure:3478: gcc -c -g -O2  conftest.c >&5
configure:3484: $? = 0
configure:3491: test -z "$ac_c_werror_flag" || test ! -s conftest.err
configure:3494: $? = 0
configure:3501: test -s conftest.o
configure:3504: $? = 0
configure:3517: result: yes
configure:3457: checking for unistd.h
configure:3478: gcc -c -g -O2  conftest.c >&5
configure:3484: $? = 0
configure:3491: test -z "$ac_c_werror_flag" || test ! -s conftest.err
configure:3494: $? = 0
configure:3501: test -s conftest.o
configure:3504: $? = 0
configure:3517: result: yes
configure:3546: checking net/bpf.h usability
configure:3563: gcc -c -g -O2  conftest.c >&5
conftest.c:51:21: fatal error: net/bpf.h: No such file or directory
compilation terminated.
configure:3569: $? = 1
configure: failed program was:
| /* confdefs.h.  */
| #define PACKAGE_NAME ""
| #define PACKAGE_TARNAME ""
| #define PACKAGE_VERSION ""
| #define PACKAGE_STRING ""
| #define PACKAGE_BUGREPORT ""
| #define STDC_HEADERS 1
| #define HAVE_SYS_TYPES_H 1
| #define HAVE_SYS_STAT_H 1
| #define HAVE_STDLIB_H 1
| #define HAVE_STRING_H 1
| #define HAVE_MEMORY_H 1
| #define HAVE_STRINGS_H 1
| #define HAVE_INTTYPES_H 1
| #define HAVE_STDINT_H 1
| #define HAVE_UNISTD_H 1
| /* end confdefs.h.  */
| #include <stdio.h>
| #if HAVE_SYS_TYPES_H
| # include <sys/types.h>
| #endif
| #if HAVE_SYS_STAT_H
| # include <sys/stat.h>
| #endif
| #if STDC_HEADERS
| # include <stdlib.h>
| # include <stddef.h>
| #else
| # if HAVE_STDLIB_H
| #  include <stdlib.h>
| # endif
| #endif
| #if HAVE_STRING_H
| # if !STDC_HEADERS && HAVE_MEMORY_H
| #  include <memory.h>
| # endif
| # include <string.h>
| #endif
| #if HAVE_STRINGS_H
| # include <strings.h>
| #endif
| #if HAVE_INTTYPES_H
| # include <inttypes.h>
| #endif
| #if HAVE_STDINT_H
| # include <stdint.h>
| #endif
| #if HAVE_UNISTD_H
| # include <unistd.h>
| #endif
| #include <net/bpf.h>
configure:3600: result: no
configure:3604: checking net/bpf.h presence
configure:3619: gcc -E  conftest.c
conftest.c:18:21: fatal error: net/bpf.h: No such file or directory
compilation terminated.
configure:3625: $? = 1
configure: failed program was:
| /* confdefs.h.  */
| #define PACKAGE_NAME ""
| #define PACKAGE_TARNAME ""
| #define PACKAGE_VERSION ""
| #define PACKAGE_STRING ""
| #define PACKAGE_BUGREPORT ""
| #define STDC_HEADERS 1
| #define HAVE_SYS_TYPES_H 1
| #define HAVE_SYS_STAT_H 1
| #define HAVE_STDLIB_H 1
| #define HAVE_STRING_H 1
| #define HAVE_MEMORY_H 1
| #define HAVE_STRINGS_H 1
| #define HAVE_INTTYPES_H 1
| #define HAVE_STDINT_H 1
| #define HAVE_UNISTD_H 1
| /* end confdefs.h.  */
| #include <net/bpf.h>
configure:3646: result: no
configure:3674: checking for net/bpf.h
configure:3682: result: no
configure:3546: checking pcap.h usability
configure:3563: gcc -c -g -O2  conftest.c >&5
configure:3569: $? = 0
configure:3576: test -z "$ac_c_werror_flag" || test ! -s conftest.err
configure:3579: $? = 0
configure:3586: test -s conftest.o
configure:3589: $? = 0
configure:3600: result: yes
configure:3604: checking pcap.h presence
configure:3619: gcc -E  conftest.c
configure:3625: $? = 0
configure:3646: result: yes
configure:3674: checking for pcap.h
configure:3682: result: yes
configure:3546: checking pcap-bpf.h usability
configure:3563: gcc -c -g -O2  conftest.c >&5
configure:3569: $? = 0
configure:3576: test -z "$ac_c_werror_flag" || test ! -s conftest.err
configure:3579: $? = 0
configure:3586: test -s conftest.o
configure:3589: $? = 0
configure:3600: result: yes
configure:3604: checking pcap-bpf.h presence
configure:3619: gcc -E  conftest.c
configure:3625: $? = 0
configure:3646: result: yes
configure:3674: checking for pcap-bpf.h
configure:3682: result: yes
configure:3697: checking for struct sockaddr.sa_len
configure:3727: gcc -c -g -O2  conftest.c >&5
conftest.c: In function 'main':
conftest.c:27:12: error: 'struct sockaddr' has no member named 'sa_len'
configure:3733: $? = 1
configure: failed program was:
| /* confdefs.h.  */
| #define PACKAGE_NAME ""
| #define PACKAGE_TARNAME ""
| #define PACKAGE_VERSION ""
| #define PACKAGE_STRING ""
| #define PACKAGE_BUGREPORT ""
| #define STDC_HEADERS 1
| #define HAVE_SYS_TYPES_H 1
| #define HAVE_SYS_STAT_H 1
| #define HAVE_STDLIB_H 1
| #define HAVE_STRING_H 1
| #define HAVE_MEMORY_H 1
| #define HAVE_STRINGS_H 1
| #define HAVE_INTTYPES_H 1
| #define HAVE_STDINT_H 1
| #define HAVE_UNISTD_H 1
| #define HAVE_PCAP_H 1
| #define HAVE_PCAP_BPF_H 1
| /* end confdefs.h.  */
| #include <sys/types.h>
| 	 #include <sys/socket.h>
| 
| int
| main ()
| {
| static struct sockaddr ac_aggr;
| if (ac_aggr.sa_len)
| return 0;
|   ;
|   return 0;
| }
configure:3785: gcc -c -g -O2  conftest.c >&5
conftest.c: In function 'main':
conftest.c:27:19: error: 'struct sockaddr' has no member named 'sa_len'
configure:3791: $? = 1
configure: failed program was:
| /* confdefs.h.  */
| #define PACKAGE_NAME ""
| #define PACKAGE_TARNAME ""
| #define PACKAGE_VERSION ""
| #define PACKAGE_STRING ""
| #define PACKAGE_BUGREPORT ""
| #define STDC_HEADERS 1
| #define HAVE_SYS_TYPES_H 1
| #define HAVE_SYS_STAT_H 1
| #define HAVE_STDLIB_H 1
| #define HAVE_STRING_H 1
| #define HAVE_MEMORY_H 1
| #define HAVE_STRINGS_H 1
| #define HAVE_INTTYPES_H 1
| #define HAVE_STDINT_H 1
| #define HAVE_UNISTD_H 1
| #define HAVE_PCAP_H 1
| #define HAVE_PCAP_BPF_H 1
| /* end confdefs.h.  */
| #include <sys/types.h>
| 	 #include <sys/socket.h>
| 
| int
| main ()
| {
| static struct sockaddr ac_aggr;
| if (sizeof ac_aggr.sa_len)
| return 0;
|   ;
|   return 0;
| }
configure:3826: result: no
configure:3837: checking for struct ip6_ext.ip6e_nxt
configure:3871: gcc -c -g -O2  conftest.c >&5
configure:3877: $? = 0
configure:3884: test -z "$ac_c_werror_flag" || test ! -s conftest.err
configure:3887: $? = 0
configure:3894: test -s conftest.o
configure:3897: $? = 0
configure:3974: result: yes
configure:3985: checking for library containing daemon
configure:4026: gcc -o conftest -g -O2   conftest.c  >&5
configure:4032: $? = 0
configure:4039: test -z "$ac_c_werror_flag" || test ! -s conftest.err
configure:4042: $? = 0
configure:4049: test -s conftest
configure:4052: $? = 0
configure:4076: result: none required
configure:4084: checking for library containing gethostbyname
configure:4125: gcc -o conftest -g -O2   conftest.c  >&5
configure:4131: $? = 0
configure:4138: test -z "$ac_c_werror_flag" || test ! -s conftest.err
configure:4141: $? = 0
configure:4148: test -s conftest
configure:4151: $? = 0
configure:4175: result: none required
configure:4183: checking for library containing socket
configure:4224: gcc -o conftest -g -O2   conftest.c  >&5
configure:4230: $? = 0
configure:4237: test -z "$ac_c_werror_flag" || test ! -s conftest.err
configure:4240: $? = 0
configure:4247: test -s conftest
configure:4250: $? = 0
configure:4274: result: none required
configure:4283: checking for pcap_open_live in -lpcap
configure:4318: gcc -o conftest -g -O2   conftest.c -lpcap   >&5
configure:4324: $? = 0
configure:4331: test -z "$ac_c_werror_flag" || test ! -s conftest.err
configure:4334: $? = 0
configure:4341: test -s conftest
configure:4344: $? = 0
configure:4358: result: yes
configure:4381: checking for closefrom
configure:4437: gcc -o conftest -g -O2   conftest.c -lpcap  >&5
/tmp/ccyBmgnq.o: In function `main':
/home/wangjing/LocalResearch/imalse/tools/softflowd-0.9.8-revised-for-ns3-pcap/conftest.c:56: undefined reference to `closefrom'
collect2: ld returned 1 exit status
configure:4443: $? = 1
configure: failed program was:
| /* confdefs.h.  */
| #define PACKAGE_NAME ""
| #define PACKAGE_TARNAME ""
| #define PACKAGE_VERSION ""
| #define PACKAGE_STRING ""
| #define PACKAGE_BUGREPORT ""
| #define STDC_HEADERS 1
| #define HAVE_SYS_TYPES_H 1
| #define HAVE_SYS_STAT_H 1
| #define HAVE_STDLIB_H 1
| #define HAVE_STRING_H 1
| #define HAVE_MEMORY_H 1
| #define HAVE_STRINGS_H 1
| #define HAVE_INTTYPES_H 1
| #define HAVE_STDINT_H 1
| #define HAVE_UNISTD_H 1
| #define HAVE_PCAP_H 1
| #define HAVE_PCAP_BPF_H 1
| #define HAVE_STRUCT_IP6_EXT 1
| #define HAVE_LIBPCAP 1
| /* end confdefs.h.  */
| /* Define closefrom to an innocuous variant, in case <limits.h> declares closefrom.
|    For example, HP-UX 11i <limits.h> declares gettimeofday.  */
| #define closefrom innocuous_closefrom
| 
| /* System header to define __stub macros and hopefully few prototypes,
|     which can conflict with char closefrom (); below.
|     Prefer <limits.h> to <assert.h> if __STDC__ is defined, since
|     <limits.h> exists even on freestanding compilers.  */
| 
| #ifdef __STDC__
| # include <limits.h>
| #else
| # include <assert.h>
| #endif
| 
| #undef closefrom
| 
| /* Override any GCC internal prototype to avoid an error.
|    Use char because int might match the return type of a GCC
|    builtin and then its argument prototype would still apply.  */
| #ifdef __cplusplus
| extern "C"
| #endif
| char closefrom ();
| /* The GNU C library defines this for functions which it implements
|     to always fail with ENOSYS.  Some functions are actually named
|     something starting with __ and the normal name is an alias.  */
| #if defined __stub_closefrom || defined __stub___closefrom
| choke me
| #endif
| 
| int
| main ()
| {
| return closefrom ();
|   ;
|   return 0;
| }
configure:4477: result: no
configure:4381: checking for daemon
configure:4437: gcc -o conftest -g -O2   conftest.c -lpcap  >&5
configure:4443: $? = 0
configure:4450: test -z "$ac_c_werror_flag" || test ! -s conftest.err
configure:4453: $? = 0
configure:4460: test -s conftest
configure:4463: $? = 0
configure:4477: result: yes
configure:4381: checking for setresuid
configure:4437: gcc -o conftest -g -O2   conftest.c -lpcap  >&5
configure:4443: $? = 0
configure:4450: test -z "$ac_c_werror_flag" || test ! -s conftest.err
configure:4453: $? = 0
configure:4460: test -s conftest
configure:4463: $? = 0
configure:4477: result: yes
configure:4381: checking for setreuid
configure:4437: gcc -o conftest -g -O2   conftest.c -lpcap  >&5
configure:4443: $? = 0
configure:4450: test -z "$ac_c_werror_flag" || test ! -s conftest.err
configure:4453: $? = 0
configure:4460: test -s conftest
configure:4463: $? = 0
configure:4477: result: yes
configure:4381: checking for setresgid
configure:4437: gcc -o conftest -g -O2   conftest.c -lpcap  >&5
configure:4443: $? = 0
configure:4450: test -z "$ac_c_werror_flag" || test ! -s conftest.err
configure:4453: $? = 0
configure:4460: test -s conftest
configure:4463: $? = 0
configure:4477: result: yes
configure:4381: checking for setgid
configure:4437: gcc -o conftest -g -O2   conftest.c -lpcap  >&5
configure:4443: $? = 0
configure:4450: test -z "$ac_c_werror_flag" || test ! -s conftest.err
configure:4453: $? = 0
configure:4460: test -s conftest
configure:4463: $? = 0
configure:4477: result: yes
configure:4381: checking for strlcpy
configure:4437: gcc -o conftest -g -O2   conftest.c -lpcap  >&5
/tmp/ccssdupM.o: In function `main':
/home/wangjing/LocalResearch/imalse/tools/softflowd-0.9.8-revised-for-ns3-pcap/conftest.c:61: undefined reference to `strlcpy'
collect2: ld returned 1 exit status
configure:4443: $? = 1
configure: failed program was:
| /* confdefs.h.  */
| #define PACKAGE_NAME ""
| #define PACKAGE_TARNAME ""
| #define PACKAGE_VERSION ""
| #define PACKAGE_STRING ""
| #define PACKAGE_BUGREPORT ""
| #define STDC_HEADERS 1
| #define HAVE_SYS_TYPES_H 1
| #define HAVE_SYS_STAT_H 1
| #define HAVE_STDLIB_H 1
| #define HAVE_STRING_H 1
| #define HAVE_MEMORY_H 1
| #define HAVE_STRINGS_H 1
| #define HAVE_INTTYPES_H 1
| #define HAVE_STDINT_H 1
| #define HAVE_UNISTD_H 1
| #define HAVE_PCAP_H 1
| #define HAVE_PCAP_BPF_H 1
| #define HAVE_STRUCT_IP6_EXT 1
| #define HAVE_LIBPCAP 1
| #define HAVE_DAEMON 1
| #define HAVE_SETRESUID 1
| #define HAVE_SETREUID 1
| #define HAVE_SETRESGID 1
| #define HAVE_SETGID 1
| /* end confdefs.h.  */
| /* Define strlcpy to an innocuous variant, in case <limits.h> declares strlcpy.
|    For example, HP-UX 11i <limits.h> declares gettimeofday.  */
| #define strlcpy innocuous_strlcpy
| 
| /* System header to define __stub macros and hopefully few prototypes,
|     which can conflict with char strlcpy (); below.
|     Prefer <limits.h> to <assert.h> if __STDC__ is defined, since
|     <limits.h> exists even on freestanding compilers.  */
| 
| #ifdef __STDC__
| # include <limits.h>
| #else
| # include <assert.h>
| #endif
| 
| #undef strlcpy
| 
| /* Override any GCC internal prototype to avoid an error.
|    Use char because int might match the return type of a GCC
|    builtin and then its argument prototype would still apply.  */
| #ifdef __cplusplus
| extern "C"
| #endif
| char strlcpy ();
| /* The GNU C library defines this for functions which it implements
|     to always fail with ENOSYS.  Some functions are actually named
|     something starting with __ and the normal name is an alias.  */
| #if defined __stub_strlcpy || defined __stub___strlcpy
| choke me
| #endif
| 
| int
| main ()
| {
| return strlcpy ();
|   ;
|   return 0;
| }
configure:4477: result: no
configure:4381: checking for strlcat
configure:4437: gcc -o conftest -g -O2   conftest.c -lpcap  >&5
/tmp/ccYfl4GP.o: In function `main':
/home/wangjing/LocalResearch/imalse/tools/softflowd-0.9.8-revised-for-ns3-pcap/conftest.c:61: undefined reference to `strlcat'
collect2: ld returned 1 exit status
configure:4443: $? = 1
configure: failed program was:
| /* confdefs.h.  */
| #define PACKAGE_NAME ""
| #define PACKAGE_TARNAME ""
| #define PACKAGE_VERSION ""
| #define PACKAGE_STRING ""
| #define PACKAGE_BUGREPORT ""
| #define STDC_HEADERS 1
| #define HAVE_SYS_TYPES_H 1
| #define HAVE_SYS_STAT_H 1
| #define HAVE_STDLIB_H 1
| #define HAVE_STRING_H 1
| #define HAVE_MEMORY_H 1
| #define HAVE_STRINGS_H 1
| #define HAVE_INTTYPES_H 1
| #define HAVE_STDINT_H 1
| #define HAVE_UNISTD_H 1
| #define HAVE_PCAP_H 1
| #define HAVE_PCAP_BPF_H 1
| #define HAVE_STRUCT_IP6_EXT 1
| #define HAVE_LIBPCAP 1
| #define HAVE_DAEMON 1
| #define HAVE_SETRESUID 1
| #define HAVE_SETREUID 1
| #define HAVE_SETRESGID 1
| #define HAVE_SETGID 1
| /* end confdefs.h.  */
| /* Define strlcat to an innocuous variant, in case <limits.h> declares strlcat.
|    For example, HP-UX 11i <limits.h> declares gettimeofday.  */
| #define strlcat innocuous_strlcat
| 
| /* System header to define __stub macros and hopefully few prototypes,
|     which can conflict with char strlcat (); below.
|     Prefer <limits.h> to <assert.h> if __STDC__ is defined, since
|     <limits.h> exists even on freestanding compilers.  */
| 
| #ifdef __STDC__
| # include <limits.h>
| #else
| # include <assert.h>
| #endif
| 
| #undef strlcat
| 
| /* Override any GCC internal prototype to avoid an error.
|    Use char because int might match the return type of a GCC
|    builtin and then its argument prototype would still apply.  */
| #ifdef __cplusplus
| extern "C"
| #endif
| char strlcat ();
| /* The GNU C library defines this for functions which it implements
|     to always fail with ENOSYS.  Some functions are actually named
|     something starting with __ and the normal name is an alias.  */
| #if defined __stub_strlcat || defined __stub___strlcat
| choke me
| #endif
| 
| int
| main ()
| {
| return strlcat ();
|   ;
|   return 0;
| }
configure:4477: result: no
configure:4488: checking for u_int64_t
configure:4518: gcc -c -g -O2  conftest.c >&5
configure:4524: $? = 0
configure:4531: test -z "$ac_c_werror_flag" || test ! -s conftest.err
configure:4534: $? = 0
configure:4541: test -s conftest.o
configure:4544: $? = 0
configure:4556: result: yes
configure:4566: checking for int64_t
configure:4596: gcc -c -g -O2  conftest.c >&5
configure:4602: $? = 0
configure:4609: test -z "$ac_c_werror_flag" || test ! -s conftest.err
configure:4612: $? = 0
configure:4619: test -s conftest.o
configure:4622: $? = 0
configure:4634: result: yes
configure:4644: checking for uint64_t
configure:4674: gcc -c -g -O2  conftest.c >&5
configure:4680: $? = 0
configure:4687: test -z "$ac_c_werror_flag" || test ! -s conftest.err
configure:4690: $? = 0
configure:4697: test -s conftest.o
configure:4700: $? = 0
configure:4712: result: yes
configure:4722: checking for u_int32_t
configure:4752: gcc -c -g -O2  conftest.c >&5
configure:4758: $? = 0
configure:4765: test -z "$ac_c_werror_flag" || test ! -s conftest.err
configure:4768: $? = 0
configure:4775: test -s conftest.o
configure:4778: $? = 0
configure:4790: result: yes
configure:4800: checking for int32_t
configure:4830: gcc -c -g -O2  conftest.c >&5
configure:4836: $? = 0
configure:4843: test -z "$ac_c_werror_flag" || test ! -s conftest.err
configure:4846: $? = 0
configure:4853: test -s conftest.o
configure:4856: $? = 0
configure:4868: result: yes
configure:4878: checking for uint32_t
configure:4908: gcc -c -g -O2  conftest.c >&5
configure:4914: $? = 0
configure:4921: test -z "$ac_c_werror_flag" || test ! -s conftest.err
configure:4924: $? = 0
configure:4931: test -s conftest.o
configure:4934: $? = 0
configure:4946: result: yes
configure:4957: checking for u_int16_t
configure:4987: gcc -c -g -O2  conftest.c >&5
configure:4993: $? = 0
configure:5000: test -z "$ac_c_werror_flag" || test ! -s conftest.err
configure:5003: $? = 0
configure:5010: test -s conftest.o
configure:5013: $? = 0
configure:5025: result: yes
configure:5035: checking for int16_t
configure:5065: gcc -c -g -O2  conftest.c >&5
configure:5071: $? = 0
configure:5078: test -z "$ac_c_werror_flag" || test ! -s conftest.err
configure:5081: $? = 0
configure:5088: test -s conftest.o
configure:5091: $? = 0
configure:5103: result: yes
configure:5113: checking for uint16_t
configure:5143: gcc -c -g -O2  conftest.c >&5
configure:5149: $? = 0
configure:5156: test -z "$ac_c_werror_flag" || test ! -s conftest.err
configure:5159: $? = 0
configure:5166: test -s conftest.o
configure:5169: $? = 0
configure:5181: result: yes
configure:5191: checking for u_int8_t
configure:5221: gcc -c -g -O2  conftest.c >&5
configure:5227: $? = 0
configure:5234: test -z "$ac_c_werror_flag" || test ! -s conftest.err
configure:5237: $? = 0
configure:5244: test -s conftest.o
configure:5247: $? = 0
configure:5259: result: yes
configure:5269: checking for int8_t
configure:5299: gcc -c -g -O2  conftest.c >&5
configure:5305: $? = 0
configure:5312: test -z "$ac_c_werror_flag" || test ! -s conftest.err
configure:5315: $? = 0
configure:5322: test -s conftest.o
configure:5325: $? = 0
configure:5337: result: yes
configure:5347: checking for uint8_t
configure:5377: gcc -c -g -O2  conftest.c >&5
configure:5383: $? = 0
configure:5390: test -z "$ac_c_werror_flag" || test ! -s conftest.err
configure:5393: $? = 0
configure:5400: test -s conftest.o
configure:5403: $? = 0
configure:5415: result: yes
configure:5426: checking for char
configure:5456: gcc -c -g -O2  conftest.c >&5
configure:5462: $? = 0
configure:5469: test -z "$ac_c_werror_flag" || test ! -s conftest.err
configure:5472: $? = 0
configure:5479: test -s conftest.o
configure:5482: $? = 0
configure:5494: result: yes
configure:5497: checking size of char
configure:5885: gcc -o conftest -g -O2   conftest.c -lpcap  >&5
configure:5888: $? = 0
configure:5894: ./conftest
configure:5897: $? = 0
configure:5919: result: 1
configure:5926: checking for short int
configure:5956: gcc -c -g -O2  conftest.c >&5
configure:5962: $? = 0
configure:5969: test -z "$ac_c_werror_flag" || test ! -s conftest.err
configure:5972: $? = 0
configure:5979: test -s conftest.o
configure:5982: $? = 0
configure:5994: result: yes
configure:5997: checking size of short int
configure:6385: gcc -o conftest -g -O2   conftest.c -lpcap  >&5
configure:6388: $? = 0
configure:6394: ./conftest
configure:6397: $? = 0
configure:6419: result: 2
configure:6426: checking for int
configure:6456: gcc -c -g -O2  conftest.c >&5
configure:6462: $? = 0
configure:6469: test -z "$ac_c_werror_flag" || test ! -s conftest.err
configure:6472: $? = 0
configure:6479: test -s conftest.o
configure:6482: $? = 0
configure:6494: result: yes
configure:6497: checking size of int
configure:6885: gcc -o conftest -g -O2   conftest.c -lpcap  >&5
configure:6888: $? = 0
configure:6894: ./conftest
configure:6897: $? = 0
configure:6919: result: 4
configure:6926: checking for long int
configure:6956: gcc -c -g -O2  conftest.c >&5
configure:6962: $? = 0
configure:6969: test -z "$ac_c_werror_flag" || test ! -s conftest.err
configure:6972: $? = 0
configure:6979: test -s conftest.o
configure:6982: $? = 0
configure:6994: result: yes
configure:6997: checking size of long int
configure:7385: gcc -o conftest -g -O2   conftest.c -lpcap  >&5
configure:7388: $? = 0
configure:7394: ./conftest
configure:7397: $? = 0
configure:7419: result: 8
configure:7426: checking for long long int
configure:7456: gcc -c -g -O2  conftest.c >&5
configure:7462: $? = 0
configure:7469: test -z "$ac_c_werror_flag" || test ! -s conftest.err
configure:7472: $? = 0
configure:7479: test -s conftest.o
configure:7482: $? = 0
configure:7494: result: yes
configure:7497: checking size of long long int
configure:7885: gcc -o conftest -g -O2   conftest.c -lpcap  >&5
configure:7888: $? = 0
configure:7894: ./conftest
configure:7897: $? = 0
configure:7919: result: 8
configure:8177: creating ./config.status

## ---------------------- ##
## Running config.status. ##
## ---------------------- ##

This file was extended by config.status, which was
generated by GNU Autoconf 2.60.  Invocation command line was

  CONFIG_FILES    = 
  CONFIG_HEADERS  = 
  CONFIG_LINKS    = 
  CONFIG_COMMANDS = 
  $ ./config.status 

on wangjing-Precision-WorkStation-T7500

config.status:582: creating Makefile
config.status:717: WARNING:  Makefile.in seems to ignore the --datarootdir setting
config.status:582: creating config.h
config.status:842: config.h is unchanged

## ---------------- ##
## Cache variables. ##
## ---------------- ##

ac_cv_c_compiler_gnu=yes
ac_cv_env_CC_set=
ac_cv_env_CC_value=
ac_cv_env_CFLAGS_set=
ac_cv_env_CFLAGS_value=
ac_cv_env_CPPFLAGS_set=
ac_cv_env_CPPFLAGS_value=
ac_cv_env_CPP_set=
ac_cv_env_CPP_value=
ac_cv_env_LDFLAGS_set=
ac_cv_env_LDFLAGS_value=
ac_cv_env_build_alias_set=
ac_cv_env_build_alias_value=
ac_cv_env_host_alias_set=
ac_cv_env_host_alias_value=
ac_cv_env_target_alias_set=
ac_cv_env_target_alias_value=
ac_cv_func_closefrom=no
ac_cv_func_daemon=yes
ac_cv_func_setgid=yes
ac_cv_func_setresgid=yes
ac_cv_func_setresuid=yes
ac_cv_func_setreuid=yes
ac_cv_func_strlcat=no
ac_cv_func_strlcpy=no
ac_cv_header_inttypes_h=yes
ac_cv_header_memory_h=yes
ac_cv_header_net_bpf_h=no
ac_cv_header_pcap_bpf_h=yes
ac_cv_header_pcap_h=yes
ac_cv_header_stdc=yes
ac_cv_header_stdint_h=yes
ac_cv_header_stdlib_h=yes
ac_cv_header_string_h=yes
ac_cv_header_strings_h=yes
ac_cv_header_sys_stat_h=yes
ac_cv_header_sys_types_h=yes
ac_cv_header_unistd_h=yes
ac_cv_lib_pcap_pcap_open_live=yes
ac_cv_member_struct_ip6_ext_ip6e_nxt=yes
ac_cv_member_struct_sockaddr_sa_len=no
ac_cv_objext=o
ac_cv_path_EGREP='/bin/grep -E'
ac_cv_path_GREP=/bin/grep
ac_cv_path_install='/usr/bin/install -c'
ac_cv_prog_CPP='gcc -E'
ac_cv_prog_ac_ct_CC=gcc
ac_cv_prog_cc_c89=
ac_cv_prog_cc_g=yes
ac_cv_search_daemon='none required'
ac_cv_search_gethostbyname='none required'
ac_cv_search_socket='none required'
ac_cv_sizeof_char=1
ac_cv_sizeof_int=4
ac_cv_sizeof_long_int=8
ac_cv_sizeof_long_long_int=8
ac_cv_sizeof_short_int=2
ac_cv_type_char=yes
ac_cv_type_int16_t=yes
ac_cv_type_int32_t=yes
ac_cv_type_int64_t=yes
ac_cv_type_int8_t=yes
ac_cv_type_int=yes
ac_cv_type_long_int=yes
ac_cv_type_long_long_int=yes
ac_cv_type_short_int=yes
ac_cv_type_u_int16_t=yes
ac_cv_type_u_int32_t=yes
ac_cv_type_u_int64_t=yes
ac_cv_type_u_int8_t=yes
ac_cv_type_uint16_t=yes
ac_cv_type_uint32_t=yes
ac_cv_type_uint64_t=yes
ac_cv_type_uint8_t=yes

## ----------------- ##
## Output variables. ##
## ----------------- ##

CC='gcc'
CFLAGS='-g -O2'
CPP='gcc -E'
CPPFLAGS=''
DEFS='-DHAVE_CONFIG_H'
ECHO_C=''
ECHO_N='-n'
ECHO_T=''
EGREP='/bin/grep -E'
EXEEXT=''
GREP='/bin/grep'
INSTALL_DATA='${INSTALL} -m 644'
INSTALL_PROGRAM='${INSTALL}'
INSTALL_SCRIPT='${INSTALL}'
LDFLAGS=''
LIBOBJS=''
LIBS='-lpcap '
LTLIBOBJS=''
OBJEXT='o'
PACKAGE_BUGREPORT=''
PACKAGE_NAME=''
PACKAGE_STRING=''
PACKAGE_TARNAME=''
PACKAGE_VERSION=''
PATH_SEPARATOR=':'
SHELL='/bin/bash'
ac_ct_CC='gcc'
bindir='${exec_prefix}/bin'
build_alias=''
datadir='${datarootdir}'
datarootdir='${prefix}/share'
docdir='${datarootdir}/doc/${PACKAGE}'
dvidir='${docdir}'
exec_prefix='${prefix}'
host_alias=''
htmldir='${docdir}'
includedir='${prefix}/include'
infodir='${datarootdir}/info'
libdir='${exec_prefix}/lib'
libexecdir='${exec_prefix}/libexec'
localedir='${datarootdir}/locale'
localstatedir='${prefix}/var'
mandir='${datarootdir}/man'
oldincludedir='/usr/include'
pdfdir='${docdir}'
prefix='/usr/local'
program_transform_name='s,x,x,'
psdir='${docdir}'
sbindir='${exec_prefix}/sbin'
sharedstatedir='${prefix}/com'
sysconfdir='${prefix}/etc'
target_alias=''

## ----------- ##
## confdefs.h. ##
## ----------- ##

#define PACKAGE_NAME ""
#define PACKAGE_TARNAME ""
#define PACKAGE_VERSION ""
#define PACKAGE_STRING ""
#define PACKAGE_BUGREPORT ""
#define STDC_HEADERS 1
#define HAVE_SYS_TYPES_H 1
#define HAVE_SYS_STAT_H 1
#define HAVE_STDLIB_H 1
#define HAVE_STRING_H 1
#define HAVE_MEMORY_H 1
#define HAVE_STRINGS_H 1
#define HAVE_INTTYPES_H 1
#define HAVE_STDINT_H 1
#define HAVE_UNISTD_H 1
#define HAVE_PCAP_H 1
#define HAVE_PCAP_BPF_H 1
#define HAVE_STRUCT_IP6_EXT 1
#define HAVE_LIBPCAP 1
#define HAVE_DAEMON 1
#define HAVE_SETRESUID 1
#define HAVE_SETREUID 1
#define HAVE_SETRESGID 1
#define HAVE_SETGID 1
#define HAVE_U_INT64_T 1
#define HAVE_INT64_T 1
#define HAVE_UINT64_T 1
#define HAVE_U_INT32_T 1
#define HAVE_INT32_T 1
#define HAVE_UINT32_T 1
#define HAVE_U_INT16_T 1
#define HAVE_INT16_T 1
#define HAVE_UINT16_T 1
#define HAVE_U_INT8_T 1
#define HAVE_INT8_T 1
#define HAVE_UINT8_T 1
#define SIZEOF_CHAR 1
#define SIZEOF_SHORT_INT 2
#define SIZEOF_INT 4
#define SIZEOF_LONG_INT 8
#define SIZEOF_LONG_LONG_INT 8
#define OUR_CFG_U_INT8_T uint8_t
#define OUR_CFG_INT8_T signed char
#define OUR_CFG_U_INT16_T uint16_t
#define OUR_CFG_INT16_T short int
#define OUR_CFG_U_INT32_T uint32_t
#define OUR_CFG_INT32_T int
#define OUR_CFG_U_INT64_T uint64_t
#define OUR_CFG_INT64_T long int

configure: exit 0
